<?xml version="1.0" encoding="UTF-8" standalone="no"?>
<!DOCTYPE log SYSTEM "logger.dtd">
<log>
<record>
  <date>2019-05-20T11:43:45</date>
  <millis>1558349025592</millis>
  <sequence>0</sequence>
  <level>START</level>
  <class>com.kms.katalon.core.logging.XmlKeywordLogger</class>
  <method>startSuite</method>
  <thread>1</thread>
  <message>Start Test Suite : Test Suites/investasikita</message>
  <nestedLevel>0</nestedLevel>
  <property name="name">investasikita</property>
  <property name="description"></property>
  <property name="id">Test Suites/investasikita</property>
</record>
<record>
  <date>2019-05-20T11:43:45</date>
  <millis>1558349025613</millis>
  <sequence>1</sequence>
  <level>RUN_DATA</level>
  <class>com.kms.katalon.core.logging.XmlKeywordLogger</class>
  <method>logMessage</method>
  <thread>1</thread>
  <message>hostName = 0265 - DESKTOP-ITRALPB</message>
  <nestedLevel>0</nestedLevel>
  <property name="hostName">0265 - DESKTOP-ITRALPB</property>
</record>
<record>
  <date>2019-05-20T11:43:45</date>
  <millis>1558349025632</millis>
  <sequence>2</sequence>
  <level>RUN_DATA</level>
  <class>com.kms.katalon.core.logging.XmlKeywordLogger</class>
  <method>logMessage</method>
  <thread>1</thread>
  <message>os = Windows 10 64bit</message>
  <nestedLevel>0</nestedLevel>
  <property name="os">Windows 10 64bit</property>
</record>
<record>
  <date>2019-05-20T11:43:45</date>
  <millis>1558349025633</millis>
  <sequence>3</sequence>
  <level>RUN_DATA</level>
  <class>com.kms.katalon.core.logging.XmlKeywordLogger</class>
  <method>logMessage</method>
  <thread>1</thread>
  <message>hostAddress = 192.168.2.125</message>
  <nestedLevel>0</nestedLevel>
  <property name="hostAddress">192.168.2.125</property>
</record>
<record>
  <date>2019-05-20T11:43:45</date>
  <millis>1558349025633</millis>
  <sequence>4</sequence>
  <level>RUN_DATA</level>
  <class>com.kms.katalon.core.logging.XmlKeywordLogger</class>
  <method>logMessage</method>
  <thread>1</thread>
  <message>katalonVersion = 6.1.5.3</message>
  <nestedLevel>0</nestedLevel>
  <property name="katalonVersion">6.1.5.3</property>
</record>
<record>
  <date>2019-05-20T11:43:45</date>
  <millis>1558349025957</millis>
  <sequence>5</sequence>
  <level>START</level>
  <class>com.kms.katalon.core.logging.XmlKeywordLogger</class>
  <method>startTest</method>
  <thread>1</thread>
  <message>Start Test Case : Test Cases/Positive/Login</message>
  <nestedLevel>1</nestedLevel>
  <property name="name">Test Cases/Positive/Login</property>
  <property name="description"></property>
  <property name="id">Test Cases/Positive/Login</property>
  <property name="source">D:\\Investasi Kita\\save_project\\investasikita\\Test Cases\\Positive\\Login.tc</property>
  <property name="tag"></property>
  <property name="isOptional">false</property>
</record>
<record>
  <date>2019-05-20T11:43:45</date>
  <millis>1558349025987</millis>
  <sequence>6</sequence>
  <level>END</level>
  <class>com.kms.katalon.core.logging.XmlKeywordLogger</class>
  <method>endTest</method>
  <thread>1</thread>
  <message>End Test Case : Test Cases/Positive/Login</message>
  <nestedLevel>0</nestedLevel>
</record>
<record>
  <date>2019-05-20T11:43:45</date>
  <millis>1558349025993</millis>
  <sequence>7</sequence>
  <level>INFO</level>
  <class>com.kms.katalon.core.logging.XmlKeywordLogger</class>
  <method>logMessage</method>
  <thread>1</thread>
  <message>=================== Smart XPath Report =======================</message>
  <nestedLevel>0</nestedLevel>
</record>
<record>
  <date>2019-05-20T11:43:45</date>
  <millis>1558349025994</millis>
  <sequence>8</sequence>
  <level>INFO</level>
  <class>com.kms.katalon.core.logging.XmlKeywordLogger</class>
  <method>logMessage</method>
  <thread>1</thread>
  <message>Refer to the link below to preview and approve auto healing on broken test objects.</message>
  <nestedLevel>0</nestedLevel>
</record>
<record>
  <date>2019-05-20T11:43:45</date>
  <millis>1558349025995</millis>
  <sequence>9</sequence>
  <level>INFO</level>
  <class>com.kms.katalon.core.logging.XmlKeywordLogger</class>
  <method>logMessage</method>
  <thread>1</thread>
  <message>https://docs.katalon.com/katalon-studio/docs/auto-healing-smart-xpath.html</message>
  <nestedLevel>0</nestedLevel>
</record>
<record>
  <date>2019-05-20T11:43:45</date>
  <millis>1558349025995</millis>
  <sequence>10</sequence>
  <level>INFO</level>
  <class>com.kms.katalon.core.logging.XmlKeywordLogger</class>
  <method>logMessage</method>
  <thread>1</thread>
  <message>===============================================================</message>
  <nestedLevel>0</nestedLevel>
</record>
</log>
